
> frontend@0.0.0 dev
> vite


  [32m[1mVITE[22m v8.1.3[39m  [2mready in [0m[1m5073[22m[2m[0m ms[22m

  [32m➜[39m  [1mLocal[22m:   [36mhttp://localhost:[1m5173[22m/[39m
[2m  [32m➜[39m  [1mNetwork[22m[2m: use [22m[1m--host[22m[2m to expose[22m
[2m20:57:03[22m [33m[1m[vite][22m[39m [33m[2m(client)[22m[39m [2m[console.warn] [22m[WebSocket] 连接失败，后端 WebSocket 可能未启动
[2m20:57:04[22m [33m[1m[vite][22m[39m [33m[2m(client)[22m[39m [2m[console.warn] [22m[WebSocket] 连接失败，后端 WebSocket 可能未启动
[2m20:57:21[22m [33m[1m[vite][22m[39m [33m[2m(client)[22m[39m [2m[console.warn] [22m[WebSocket] 已达最大重连次数，停止重连
[2m22:11:18[22m [33m[1m[vite][22m[39m [33m[2m(client)[22m[39m [2m[console.warn] [22m[WebSocket] 连接失败，后端 WebSocket 可能未启动
[2m22:11:18[22m [33m[1m[vite][22m[39m [33m[2m(client)[22m[39m [2m[console.warn] [22m[WebSocket] 连接失败，后端 WebSocket 可能未启动
[2m22:11:48[22m [31m[1m[vite][22m[39m [31m[2m(client)[22m[39m [2m[console.error] [22mWarning: [antd: message] Static function can not consume context like dynamic theme. Please use 'App' component instead.
[2m22:11:56[22m [33m[1m[vite][22m[39m [33m[2m(client)[22m[39m [2m[console.warn] [22m[WebSocket] 已达最大重连次数，停止重连
[2m22:12:01[22m [31m[1m[vite][22m[39m [31m[2m(client)[22m[39m [2m[console.error] [22mWarning: [antd: Space] `direction` is deprecated. Please use `orientation` instead.
[2m22:12:41[22m [33m[1m[vite][22m[39m [33m[2m(client)[22m[39m [2m[console.warn] [22m[WebSocket] 连接失败，后端 WebSocket 可能未启动
[2m22:12:44[22m [33m[1m[vite][22m[39m [33m[2m(client)[22m[39m [2m[console.warn] [22m[WebSocket] 连接失败，后端 WebSocket 可能未启动
[2m22:13:05[22m [31m[1m[vite][22m[39m [31m[2m(client)[22m[39m [2m[console.error] [22mWarning: [antd: message] Static function can not consume context like dynamic theme. Please use 'App' component instead.
[2m22:13:06[22m [31m[1m[vite][22m[39m [31m[2m(client)[22m[39m [2m[console.error] [22mWarning: [antd: Space] `direction` is deprecated. Please use `orientation` instead.
[2m22:13:11[22m [33m[1m[vite][22m[39m [33m[2m(client)[22m[39m [2m[console.warn] [22m[WebSocket] 已达最大重连次数，停止重连
[2m22:13:29[22m [31m[1m[vite][22m[39m [31m[2m(client)[22m[39m [2m[console.error] [22mMaximum update depth exceeded. This can happen when a component calls setState inside useEffect, but useEffect either doesn't have a dependency array, or one of the dependencies changes on every render.
[2m22:13:32[22m [31m[1m[vite][22m[39m [31m[2m(client)[22m[39m [2m[console.error] [22mMaximum update depth exceeded. This can happen when a component calls setState inside useEffect, but useEffect either doesn't have a dependency array, or one of the dependencies changes on every render.
[2m22:13:35[22m [31m[1m[vite][22m[39m [31m[2m(client)[22m[39m [2m[console.error] [22mMaximum update depth exceeded. This can happen when a component calls setState inside useEffect, but useEffect either doesn't have a dependency array, or one of the dependencies changes on every render.
[2m22:13:57[22m [33m[1m[vite][22m[39m [33m[2m(client)[22m[39m [2m[console.warn] [22m[WebSocket] 连接失败，后端 WebSocket 可能未启动
[2m22:13:57[22m [33m[1m[vite][22m[39m [33m[2m(client)[22m[39m [2m[console.warn] [22m[WebSocket] 连接失败，后端 WebSocket 可能未启动
[2m22:14:16[22m [31m[1m[vite][22m[39m [31m[2m(client)[22m[39m [2m[console.error] [22mWarning: [antd: message] Static function can not consume context like dynamic theme. Please use 'App' component instead.
[2m22:14:18[22m [31m[1m[vite][22m[39m [31m[2m(client)[22m[39m [2m[console.error] [22mWarning: [antd: Space] `direction` is deprecated. Please use `orientation` instead.
[2m22:14:32[22m [33m[1m[vite][22m[39m [33m[2m(client)[22m[39m [2m[console.warn] [22m[WebSocket] 已达最大重连次数，停止重连
[2m22:14:36[22m [33m[1m[vite][22m[39m [33m[2m(client)[22m[39m [2m[console.warn] [22m[WebSocket] 连接失败，后端 WebSocket 可能未启动
[2m22:14:38[22m [33m[1m[vite][22m[39m [33m[2m(client)[22m[39m [2m[console.warn] [22m[WebSocket] 连接失败，后端 WebSocket 可能未启动
[2m22:14:59[22m [33m[1m[vite][22m[39m [33m[2m(client)[22m[39m [2m[console.warn] [22m[WebSocket] 已达最大重连次数，停止重连
[2m22:31:23[22m [36m[1m[vite][22m[39m [90m[2m(client)[22m[39m [32mhmr update [39m[2m/src/pages/PlateRecognition.tsx[22m
[2m22:31:32[22m [36m[1m[vite][22m[39m [90m[2m(client)[22m[39m [32mhmr update [39m[2m/src/pages/PlateRecognition.tsx[22m
[2m22:31:40[22m [36m[1m[vite][22m[39m [90m[2m(client)[22m[39m [32mhmr update [39m[2m/src/pages/PlateRecognition.tsx[22m
[2m22:31:55[22m [36m[1m[vite][22m[39m [90m[2m(client)[22m[39m [32mhmr update [39m[2m/src/pages/PlateRecognition.tsx[22m
[2m22:32:02[22m [36m[1m[vite][22m[39m [90m[2m(client)[22m[39m [32mhmr update [39m[2m/src/pages/PlateRecognition.tsx[22m
[2m22:34:04[22m [33m[1m[vite][22m[39m [33m[2m(client)[22m[39m [2m[console.warn] [22m[WebSocket] 连接失败，后端 WebSocket 可能未启动
[2m22:34:04[22m [33m[1m[vite][22m[39m [33m[2m(client)[22m[39m [2m[console.warn] [22m[WebSocket] 连接失败，后端 WebSocket 可能未启动
[2m22:34:09[22m [31m[1m[vite][22m[39m [31m[2m(client)[22m[39m [2m[console.error] [22mWarning: [antd: message] Static function can not consume context like dynamic theme. Please use 'App' component instead.
[2m22:34:13[22m [31m[1m[vite][22m[39m [31m[2m(client)[22m[39m [2m[console.error] [22mWarning: [antd: Space] `direction` is deprecated. Please use `orientation` instead.
[2m22:34:21[22m [33m[1m[vite][22m[39m [33m[2m(client)[22m[39m [2m[console.warn] [22m[WebSocket] 已达最大重连次数，停止重连
[2m22:35:47[22m [31m[1m[vite][22m[39m [31m[2m(client)[22m[39m [2m[console.error] [22mWarning: [antd: Alert] `message` is deprecated. Please use `title` instead.
[2m23:05:32[22m [36m[1m[vite][22m[39m [90m[2m(client)[22m[39m [32mhmr update [39m[2m/src/pages/PlateRecognition.tsx[22m
[2m23:05:40[22m [36m[1m[vite][22m[39m [90m[2m(client)[22m[39m [32mhmr update [39m[2m/src/pages/PlateRecognition.tsx[22m
[2m23:05:50[22m [36m[1m[vite][22m[39m [90m[2m(client)[22m[39m [32mhmr update [39m[2m/src/pages/PlateRecognition.tsx[22m
[2m23:05:59[22m [36m[1m[vite][22m[39m [90m[2m(client)[22m[39m [32mhmr update [39m[2m/src/pages/PlateRecognition.tsx[22m
[2m23:12:03[22m [33m[1m[vite][22m[39m [33m[2m(client)[22m[39m [2m[console.warn] [22m[WebSocket] 连接失败，后端 WebSocket 可能未启动
[2m23:12:03[22m [33m[1m[vite][22m[39m [33m[2m(client)[22m[39m [2m[console.warn] [22m[WebSocket] 连接失败，后端 WebSocket 可能未启动
[2m23:12:09[22m [31m[1m[vite][22m[39m [31m[2m(client)[22m[39m [2m[console.error] [22mWarning: [antd: message] Static function can not consume context like dynamic theme. Please use 'App' component instead.
[2m23:12:16[22m [31m[1m[vite][22m[39m [31m[2m(client)[22m[39m [2m[console.error] [22mWarning: [antd: Space] `direction` is deprecated. Please use `orientation` instead.
[2m23:12:21[22m [33m[1m[vite][22m[39m [33m[2m(client)[22m[39m [2m[console.warn] [22m[WebSocket] 已达最大重连次数，停止重连
[2m09:06:14[22m [33m[1m[vite][22m[39m [33m[2m(client)[22m[39m [2m[console.warn] [22m[WebSocket] 连接失败，后端 WebSocket 可能未启动
[2m09:06:14[22m [33m[1m[vite][22m[39m [33m[2m(client)[22m[39m [2m[console.warn] [22m[WebSocket] 连接失败，后端 WebSocket 可能未启动
[2m09:06:19[22m [31m[1m[vite][22m[39m [31m[2m(client)[22m[39m [2m[console.error] [22mWarning: [antd: message] Static function can not consume context like dynamic theme. Please use 'App' component instead.
[2m09:06:24[22m [31m[1m[vite][22m[39m [31m[2m(client)[22m[39m [2m[console.error] [22mWarning: [antd: Space] `direction` is deprecated. Please use `orientation` instead.
[2m09:06:30[22m [33m[1m[vite][22m[39m [33m[2m(client)[22m[39m [2m[console.warn] [22m[WebSocket] 已达最大重连次数，停止重连
[2m09:08:02[22m [31m[1m[vite][22m[39m [31m[2m(client)[22m[39m [2m[console.error] [22mMaximum update depth exceeded. This can happen when a component calls setState inside useEffect, but useEffect either doesn't have a dependency array, or one of the dependencies changes on every render.
[2m09:08:03[22m [31m[1m[vite][22m[39m [31m[2m(client)[22m[39m [2m[console.error] [22mWarning: [antd: Alert] `message` is deprecated. Please use `title` instead.
[2m09:10:58[22m [33m[1m[vite][22m[39m [33m[2m(client)[22m[39m [2m[console.warn] [22m[WebSocket] 连接失败，后端 WebSocket 可能未启动
[2m09:10:58[22m [33m[1m[vite][22m[39m [33m[2m(client)[22m[39m [2m[console.warn] [22m[WebSocket] 连接失败，后端 WebSocket 可能未启动
[2m09:11:04[22m [31m[1m[vite][22m[39m [31m[2m(client)[22m[39m [2m[console.error] [22mWarning: [antd: message] Static function can not consume context like dynamic theme. Please use 'App' component instead.
[2m09:11:13[22m [31m[1m[vite][22m[39m [31m[2m(client)[22m[39m [2m[console.error] [22mWarning: [antd: Space] `direction` is deprecated. Please use `orientation` instead.
[2m09:11:19[22m [33m[1m[vite][22m[39m [33m[2m(client)[22m[39m [2m[console.warn] [22m[WebSocket] 已达最大重连次数，停止重连
[2m09:14:24[22m [36m[1m[vite][22m[39m [90m[2m(client)[22m[39m [32mhmr update [39m[2m/src/pages/PlateRecognition.tsx[22m
[2m09:15:51[22m [33m[1m[vite][22m[39m [33m[2m(client)[22m[39m [2m[console.warn] [22m[WebSocket] 连接失败，后端 WebSocket 可能未启动
[2m09:15:51[22m [33m[1m[vite][22m[39m [33m[2m(client)[22m[39m [2m[console.warn] [22m[WebSocket] 连接失败，后端 WebSocket 可能未启动
[2m09:16:02[22m [31m[1m[vite][22m[39m [31m[2m(client)[22m[39m [2m[console.error] [22mWarning: [antd: message] Static function can not consume context like dynamic theme. Please use 'App' component instead.
[2m09:16:09[22m [31m[1m[vite][22m[39m [31m[2m(client)[22m[39m [2m[console.error] [22mWarning: [antd: Space] `direction` is deprecated. Please use `orientation` instead.
[2m09:16:09[22m [33m[1m[vite][22m[39m [33m[2m(client)[22m[39m [2m[console.warn] [22m[WebSocket] 已达最大重连次数，停止重连
[2m09:25:57[22m [36m[1m[vite][22m[39m [90m[2m(client)[22m[39m [32mhmr update [39m[2m/src/pages/PlateRecognition.tsx[22m
[2m09:26:55[22m [33m[1m[vite][22m[39m [33m[2m(client)[22m[39m [2m[console.warn] [22m[WebSocket] 连接失败，后端 WebSocket 可能未启动
[2m09:26:55[22m [33m[1m[vite][22m[39m [33m[2m(client)[22m[39m [2m[console.warn] [22m[WebSocket] 连接失败，后端 WebSocket 可能未启动
[2m09:27:00[22m [31m[1m[vite][22m[39m [31m[2m(client)[22m[39m [2m[console.error] [22mWarning: [antd: message] Static function can not consume context like dynamic theme. Please use 'App' component instead.
[2m09:27:11[22m [31m[1m[vite][22m[39m [31m[2m(client)[22m[39m [2m[console.error] [22mWarning: [antd: Space] `direction` is deprecated. Please use `orientation` instead.
[2m09:27:11[22m [33m[1m[vite][22m[39m [33m[2m(client)[22m[39m [2m[console.warn] [22m[WebSocket] 已达最大重连次数，停止重连
[2m09:31:20[22m [33m[1m[vite][22m[39m [33m[2m(client)[22m[39m [2m[console.warn] [22m[WebSocket] 连接失败，后端 WebSocket 可能未启动
[2m09:31:20[22m [33m[1m[vite][22m[39m [33m[2m(client)[22m[39m [2m[console.warn] [22m[WebSocket] 连接失败，后端 WebSocket 可能未启动
[2m09:31:27[22m [31m[1m[vite][22m[39m [31m[2m(client)[22m[39m [2m[console.error] [22mWarning: [antd: message] Static function can not consume context like dynamic theme. Please use 'App' component instead.
[2m09:31:30[22m [31m[1m[vite][22m[39m [31m[2m(client)[22m[39m [2m[console.error] [22mWarning: [antd: Space] `direction` is deprecated. Please use `orientation` instead.
[2m09:31:36[22m [33m[1m[vite][22m[39m [33m[2m(client)[22m[39m [2m[console.warn] [22m[WebSocket] 已达最大重连次数，停止重连
[2m09:31:58[22m [33m[1m[vite][22m[39m [33m[2m(client)[22m[39m [2m[console.warn] [22m[WebSocket] 连接失败，后端 WebSocket 可能未启动
[2m09:31:58[22m [33m[1m[vite][22m[39m [33m[2m(client)[22m[39m [2m[console.warn] [22m[WebSocket] 连接失败，后端 WebSocket 可能未启动
[2m09:32:07[22m [31m[1m[vite][22m[39m [31m[2m(client)[22m[39m [2m[console.error] [22mWarning: [antd: message] Static function can not consume context like dynamic theme. Please use 'App' component instead.
[2m09:32:18[22m [33m[1m[vite][22m[39m [33m[2m(client)[22m[39m [2m[console.warn] [22m[WebSocket] 已达最大重连次数，停止重连
[2m09:32:22[22m [31m[1m[vite][22m[39m [31m[2m(client)[22m[39m [2m[console.error] [22mWarning: [antd: Space] `direction` is deprecated. Please use `orientation` instead.
[2m09:32:43[22m [33m[1m[vite][22m[39m [33m[2m(client)[22m[39m [2m[console.warn] [22mWebSocket 消息解析失败: SyntaxError: Unexpected token 'N', ..."nfidence":NaN,"bbox""... is not valid JSON
    at JSON.parse (<anonymous>)
    at ws.onmessage (http://localhost:5173/src/pages/PlateRecognition.tsx?t=1783473957264:292:22)
[2m09:39:55[22m [33m[1m[vite][22m[39m [33m[2m(client)[22m[39m [2m[console.warn] [22m[WebSocket] 连接失败，后端 WebSocket 可能未启动
[2m09:39:56[22m [33m[1m[vite][22m[39m [33m[2m(client)[22m[39m [2m[console.warn] [22m[WebSocket] 连接失败，后端 WebSocket 可能未启动
[2m09:40:15[22m [31m[1m[vite][22m[39m [31m[2m(client)[22m[39m [2m[console.error] [22mWarning: [antd: message] Static function can not consume context like dynamic theme. Please use 'App' component instead.
[2m09:40:26[22m [33m[1m[vite][22m[39m [33m[2m(client)[22m[39m [2m[console.warn] [22m[WebSocket] 已达最大重连次数，停止重连
[2m09:40:33[22m [31m[1m[vite][22m[39m [31m[2m(client)[22m[39m [2m[console.error] [22mWarning: [antd: Space] `direction` is deprecated. Please use `orientation` instead.
[2m09:42:14[22m [33m[1m[vite][22m[39m [33m[2m(client)[22m[39m [2m[console.warn] [22m[WebSocket] 连接失败，后端 WebSocket 可能未启动
[2m09:42:14[22m [33m[1m[vite][22m[39m [33m[2m(client)[22m[39m [2m[console.warn] [22m[WebSocket] 连接失败，后端 WebSocket 可能未启动
[2m09:42:21[22m [31m[1m[vite][22m[39m [31m[2m(client)[22m[39m [2m[console.error] [22mWarning: [antd: message] Static function can not consume context like dynamic theme. Please use 'App' component instead.
[2m09:42:24[22m [31m[1m[vite][22m[39m [31m[2m(client)[22m[39m [2m[console.error] [22mWarning: [antd: Space] `direction` is deprecated. Please use `orientation` instead.
[2m09:42:30[22m [33m[1m[vite][22m[39m [33m[2m(client)[22m[39m [2m[console.warn] [22m[WebSocket] 连接失败，后端 WebSocket 可能未启动
[2m09:42:31[22m [33m[1m[vite][22m[39m [33m[2m(client)[22m[39m [2m[console.warn] [22m[WebSocket] 连接失败，后端 WebSocket 可能未启动
[2m09:42:36[22m [31m[1m[vite][22m[39m [31m[2m(client)[22m[39m [2m[console.error] [22mWarning: [antd: message] Static function can not consume context like dynamic theme. Please use 'App' component instead.
[2m09:42:39[22m [31m[1m[vite][22m[39m [31m[2m(client)[22m[39m [2m[console.error] [22mWarning: [antd: Space] `direction` is deprecated. Please use `orientation` instead.
[2m09:42:47[22m [33m[1m[vite][22m[39m [33m[2m(client)[22m[39m [2m[console.warn] [22m[WebSocket] 已达最大重连次数，停止重连
[2m09:50:11[22m [33m[1m[vite][22m[39m [33m[2m(client)[22m[39m [2m[console.warn] [22m[WebSocket] 连接失败，后端 WebSocket 可能未启动
[2m09:50:11[22m [33m[1m[vite][22m[39m [33m[2m(client)[22m[39m [2m[console.warn] [22m[WebSocket] 连接失败，后端 WebSocket 可能未启动
[2m09:50:28[22m [33m[1m[vite][22m[39m [33m[2m(client)[22m[39m [2m[console.warn] [22m[WebSocket] 连接失败，后端 WebSocket 可能未启动
[2m09:50:30[22m [33m[1m[vite][22m[39m [33m[2m(client)[22m[39m [2m[console.warn] [22m[WebSocket] 连接失败，后端 WebSocket 可能未启动
[2m09:50:33[22m [31m[1m[vite][22m[39m [31m[2m(client)[22m[39m [2m[console.error] [22mWarning: [antd: message] Static function can not consume context like dynamic theme. Please use 'App' component instead.
[2m09:50:37[22m [31m[1m[vite][22m[39m [31m[2m(client)[22m[39m [2m[console.error] [22mWarning: [antd: Space] `direction` is deprecated. Please use `orientation` instead.
[2m09:50:46[22m [33m[1m[vite][22m[39m [33m[2m(client)[22m[39m [2m[console.warn] [22m[WebSocket] 已达最大重连次数，停止重连
[2m09:52:36[22m [33m[1m[vite][22m[39m [33m[2m(client)[22m[39m [2m[console.warn] [22m[WebSocket] 连接失败，后端 WebSocket 可能未启动
[2m09:52:36[22m [33m[1m[vite][22m[39m [33m[2m(client)[22m[39m [2m[console.warn] [22m[WebSocket] 连接失败，后端 WebSocket 可能未启动
[2m09:52:47[22m [31m[1m[vite][22m[39m [31m[2m(client)[22m[39m [2m[console.error] [22mWarning: [antd: message] Static function can not consume context like dynamic theme. Please use 'App' component instead.
[2m09:52:56[22m [33m[1m[vite][22m[39m [33m[2m(client)[22m[39m [2m[console.warn] [22m[WebSocket] 已达最大重连次数，停止重连
[2m09:52:57[22m [31m[1m[vite][22m[39m [31m[2m(client)[22m[39m [2m[console.error] [22mWarning: [antd: Space] `direction` is deprecated. Please use `orientation` instead.
[2m10:00:17[22m [33m[1m[vite][22m[39m [33m[2m(client)[22m[39m [2m[console.warn] [22m[WebSocket] 连接失败，后端 WebSocket 可能未启动
[2m10:00:17[22m [33m[1m[vite][22m[39m [33m[2m(client)[22m[39m [2m[console.warn] [22m[WebSocket] 连接失败，后端 WebSocket 可能未启动
[2m10:00:23[22m [31m[1m[vite][22m[39m [31m[2m(client)[22m[39m [2m[console.error] [22mWarning: [antd: message] Static function can not consume context like dynamic theme. Please use 'App' component instead.
[2m10:00:29[22m [31m[1m[vite][22m[39m [31m[2m(client)[22m[39m [2m[console.error] [22mWarning: [antd: Space] `direction` is deprecated. Please use `orientation` instead.
[2m10:00:36[22m [33m[1m[vite][22m[39m [33m[2m(client)[22m[39m [2m[console.warn] [22m[WebSocket] 已达最大重连次数，停止重连
[2m10:08:28[22m [33m[1m[vite][22m[39m [33m[2m(client)[22m[39m [2m[console.warn] [22m[WebSocket] 连接失败，后端 WebSocket 可能未启动
[2m10:08:29[22m [33m[1m[vite][22m[39m [33m[2m(client)[22m[39m [2m[console.warn] [22m[WebSocket] 连接失败，后端 WebSocket 可能未启动
[2m10:08:41[22m [31m[1m[vite][22m[39m [31m[2m(client)[22m[39m [2m[console.error] [22mWarning: [antd: message] Static function can not consume context like dynamic theme. Please use 'App' component instead.
[2m10:08:48[22m [31m[1m[vite][22m[39m [31m[2m(client)[22m[39m [2m[console.error] [22mWarning: [antd: Space] `direction` is deprecated. Please use `orientation` instead.
[2m10:08:48[22m [33m[1m[vite][22m[39m [33m[2m(client)[22m[39m [2m[console.warn] [22m[WebSocket] 已达最大重连次数，停止重连
[2m10:10:43[22m [33m[1m[vite][22m[39m [33m[2m(client)[22m[39m [2m[console.warn] [22m[WebSocket] 连接失败，后端 WebSocket 可能未启动
[2m10:10:43[22m [33m[1m[vite][22m[39m [33m[2m(client)[22m[39m [2m[console.warn] [22m[WebSocket] 连接失败，后端 WebSocket 可能未启动
[2m10:10:56[22m [31m[1m[vite][22m[39m [31m[2m(client)[22m[39m [2m[console.error] [22mWarning: [antd: message] Static function can not consume context like dynamic theme. Please use 'App' component instead.
[2m10:11:05[22m [31m[1m[vite][22m[39m [31m[2m(client)[22m[39m [2m[console.error] [22mWarning: [antd: Space] `direction` is deprecated. Please use `orientation` instead.
[2m10:11:05[22m [33m[1m[vite][22m[39m [33m[2m(client)[22m[39m [2m[console.warn] [22m[WebSocket] 已达最大重连次数，停止重连
[2m10:15:37[22m [36m[1m[vite][22m[39m [90m[2m(client)[22m[39m [32mhmr update [39m[2m/src/pages/PlateRecognition.tsx[22m
[2m10:15:44[22m [36m[1m[vite][22m[39m [90m[2m(client)[22m[39m [32mhmr update [39m[2m/src/pages/PlateRecognition.tsx[22m
[2m10:15:49[22m [36m[1m[vite][22m[39m [90m[2m(client)[22m[39m [32mhmr update [39m[2m/src/pages/PlateRecognition.tsx[22m
[2m10:20:05[22m [33m[1m[vite][22m[39m [33m[2m(client)[22m[39m [2m[console.warn] [22m[WebSocket] 连接失败，后端 WebSocket 可能未启动
[2m10:20:06[22m [33m[1m[vite][22m[39m [33m[2m(client)[22m[39m [2m[console.warn] [22m[WebSocket] 连接失败，后端 WebSocket 可能未启动
[2m10:20:16[22m [31m[1m[vite][22m[39m [31m[2m(client)[22m[39m [2m[console.error] [22mWarning: [antd: message] Static function can not consume context like dynamic theme. Please use 'App' component instead.
[2m10:20:26[22m [31m[1m[vite][22m[39m [31m[2m(client)[22m[39m [2m[console.error] [22mWarning: [antd: Space] `direction` is deprecated. Please use `orientation` instead.
[2m10:20:27[22m [33m[1m[vite][22m[39m [33m[2m(client)[22m[39m [2m[console.warn] [22m[WebSocket] 已达最大重连次数，停止重连
[2m10:22:33[22m [33m[1m[vite][22m[39m [33m[2m(client)[22m[39m [2m[console.warn] [22m[WebSocket] 连接失败，后端 WebSocket 可能未启动
[2m10:22:33[22m [33m[1m[vite][22m[39m [33m[2m(client)[22m[39m [2m[console.warn] [22m[WebSocket] 连接失败，后端 WebSocket 可能未启动
[2m10:22:39[22m [31m[1m[vite][22m[39m [31m[2m(client)[22m[39m [2m[console.error] [22mWarning: [antd: message] Static function can not consume context like dynamic theme. Please use 'App' component instead.
[2m10:22:42[22m [31m[1m[vite][22m[39m [31m[2m(client)[22m[39m [2m[console.error] [22mWarning: [antd: Space] `direction` is deprecated. Please use `orientation` instead.
[2m10:22:50[22m [33m[1m[vite][22m[39m [33m[2m(client)[22m[39m [2m[console.warn] [22m[WebSocket] 已达最大重连次数，停止重连
[2m10:26:32[22m [36m[1m[vite][22m[39m [90m[2m(client)[22m[39m [32mhmr update [39m[2m/src/pages/PlateRecognition.tsx[22m
[2m10:26:41[22m [36m[1m[vite][22m[39m [90m[2m(client)[22m[39m [32mhmr update [39m[2m/src/pages/PlateRecognition.tsx[22m
[2m10:27:01[22m [33m[1m[vite][22m[39m [33m[2m(client)[22m[39m [2m[console.warn] [22m[WebSocket] 连接失败，后端 WebSocket 可能未启动
[2m10:27:01[22m [33m[1m[vite][22m[39m [33m[2m(client)[22m[39m [2m[console.warn] [22m[WebSocket] 连接失败，后端 WebSocket 可能未启动
[2m10:27:09[22m [31m[1m[vite][22m[39m [31m[2m(client)[22m[39m [2m[console.error] [22mWarning: [antd: message] Static function can not consume context like dynamic theme. Please use 'App' component instead.
[2m10:27:14[22m [31m[1m[vite][22m[39m [31m[2m(client)[22m[39m [2m[console.error] [22mWarning: [antd: Space] `direction` is deprecated. Please use `orientation` instead.
[2m10:27:17[22m [33m[1m[vite][22m[39m [33m[2m(client)[22m[39m [2m[console.warn] [22m[WebSocket] 已达最大重连次数，停止重连
[2m10:33:29[22m [33m[1m[vite][22m[39m [33m[2m(client)[22m[39m [2m[console.warn] [22m[WebSocket] 连接失败，后端 WebSocket 可能未启动
[2m10:33:29[22m [33m[1m[vite][22m[39m [33m[2m(client)[22m[39m [2m[console.warn] [22m[WebSocket] 连接失败，后端 WebSocket 可能未启动
[2m10:33:39[22m [31m[1m[vite][22m[39m [31m[2m(client)[22m[39m [2m[console.error] [22mWarning: [antd: message] Static function can not consume context like dynamic theme. Please use 'App' component instead.
[2m10:33:46[22m [31m[1m[vite][22m[39m [31m[2m(client)[22m[39m [2m[console.error] [22mWarning: [antd: Space] `direction` is deprecated. Please use `orientation` instead.
[2m10:33:50[22m [33m[1m[vite][22m[39m [33m[2m(client)[22m[39m [2m[console.warn] [22m[WebSocket] 已达最大重连次数，停止重连
[2m10:35:12[22m [36m[1m[vite][22m[39m [90m[2m(client)[22m[39m [32mhmr update [39m[2m/src/pages/PlateRecognition.tsx[22m
[2m10:35:22[22m [36m[1m[vite][22m[39m [90m[2m(client)[22m[39m [32mhmr update [39m[2m/src/pages/PlateRecognition.tsx[22m
[2m10:35:26[22m [36m[1m[vite][22m[39m [90m[2m(client)[22m[39m [32mhmr update [39m[2m/src/pages/PlateRecognition.tsx[22m
[2m10:35:31[22m [36m[1m[vite][22m[39m [90m[2m(client)[22m[39m [32mhmr update [39m[2m/src/pages/PlateRecognition.tsx[22m
[2m10:35:39[22m [36m[1m[vite][22m[39m [90m[2m(client)[22m[39m [32mhmr update [39m[2m/src/pages/PlateRecognition.tsx[22m
[2m10:35:47[22m [36m[1m[vite][22m[39m [90m[2m(client)[22m[39m [32mhmr update [39m[2m/src/pages/PlateRecognition.tsx[22m
[2m10:35:57[22m [36m[1m[vite][22m[39m [90m[2m(client)[22m[39m [32mhmr update [39m[2m/src/pages/PlateRecognition.tsx[22m
[2m10:36:03[22m [36m[1m[vite][22m[39m [90m[2m(client)[22m[39m [32mhmr update [39m[2m/src/pages/PlateRecognition.tsx[22m
[2m10:36:17[22m [36m[1m[vite][22m[39m [90m[2m(client)[22m[39m [32mhmr update [39m[2m/src/pages/PlateRecognition.tsx[22m
[2m10:36:22[22m [36m[1m[vite][22m[39m [90m[2m(client)[22m[39m [32mhmr update [39m[2m/src/pages/PlateRecognition.tsx[22m
[2m10:37:29[22m [36m[1m[vite][22m[39m [90m[2m(client)[22m[39m [32mhmr update [39m[2m/src/pages/PlateRecognition.tsx[22m
[2m10:37:42[22m [36m[1m[vite][22m[39m [90m[2m(client)[22m[39m [32mhmr update [39m[2m/src/pages/PlateRecognition.tsx[22m
[2m10:37:54[22m [36m[1m[vite][22m[39m [90m[2m(client)[22m[39m [32mhmr update [39m[2m/src/pages/PlateRecognition.tsx[22m
[2m10:38:06[22m [36m[1m[vite][22m[39m [90m[2m(client)[22m[39m [32mhmr update [39m[2m/src/pages/PlateRecognition.tsx[22m
[2m10:38:12[22m [36m[1m[vite][22m[39m [90m[2m(client)[22m[39m [32mhmr update [39m[2m/src/pages/PlateRecognition.tsx[22m
[2m10:38:17[22m [36m[1m[vite][22m[39m [90m[2m(client)[22m[39m [32mhmr update [39m[2m/src/pages/PlateRecognition.tsx[22m
[2m10:38:20[22m [36m[1m[vite][22m[39m [90m[2m(client)[22m[39m [32mhmr update [39m[2m/src/pages/PlateRecognition.tsx[22m
[2m10:38:24[22m [36m[1m[vite][22m[39m [90m[2m(client)[22m[39m [32mhmr update [39m[2m/src/pages/PlateRecognition.tsx[22m
[2m10:38:34[22m [36m[1m[vite][22m[39m [90m[2m(client)[22m[39m [32mhmr update [39m[2m/src/pages/PlateRecognition.tsx[22m
[2m10:39:02[22m [33m[1m[vite][22m[39m [33m[2m(client)[22m[39m [2m[console.warn] [22m[WebSocket] 连接失败，后端 WebSocket 可能未启动
[2m10:39:02[22m [33m[1m[vite][22m[39m [33m[2m(client)[22m[39m [2m[console.warn] [22m[WebSocket] 连接失败，后端 WebSocket 可能未启动
[2m10:39:08[22m [31m[1m[vite][22m[39m [31m[2m(client)[22m[39m [2m[console.error] [22mWarning: [antd: message] Static function can not consume context like dynamic theme. Please use 'App' component instead.
[2m10:39:11[22m [31m[1m[vite][22m[39m [31m[2m(client)[22m[39m [2m[console.error] [22mWarning: [antd: Space] `direction` is deprecated. Please use `orientation` instead.
[2m10:39:19[22m [33m[1m[vite][22m[39m [33m[2m(client)[22m[39m [2m[console.warn] [22m[WebSocket] 已达最大重连次数，停止重连
[2m10:42:36[22m [36m[1m[vite][22m[39m [90m[2m(client)[22m[39m [32mhmr update [39m[2m/src/pages/PlateRecognition.tsx[22m
[2m10:45:35[22m [33m[1m[vite][22m[39m [33m[2m(client)[22m[39m [2m[console.warn] [22m[WebSocket] 连接失败，后端 WebSocket 可能未启动
[2m10:45:36[22m [33m[1m[vite][22m[39m [33m[2m(client)[22m[39m [2m[console.warn] [22m[WebSocket] 连接失败，后端 WebSocket 可能未启动
[2m10:45:50[22m [31m[1m[vite][22m[39m [31m[2m(client)[22m[39m [2m[console.error] [22mWarning: [antd: message] Static function can not consume context like dynamic theme. Please use 'App' component instead.
[2m10:45:52[22m [33m[1m[vite][22m[39m [33m[2m(client)[22m[39m [2m[console.warn] [22m[WebSocket] 已达最大重连次数，停止重连
[2m10:45:53[22m [31m[1m[vite][22m[39m [31m[2m(client)[22m[39m [2m[console.error] [22mWarning: [antd: Space] `direction` is deprecated. Please use `orientation` instead.
[2m10:46:20[22m [33m[1m[vite][22m[39m [33m[2m(client)[22m[39m [2m[console.warn] [22mWebSocket 消息解析失败: SyntaxError: Unexpected token 'N', ..."nfidence":NaN,"bbox""... is not valid JSON
    at JSON.parse (<anonymous>)
    at ws.onmessage (http://localhost:5173/src/pages/PlateRecognition.tsx?t=1783478556364:274:22)
[2m10:46:20[22m [33m[1m[vite][22m[39m [33m[2m(client)[22m[39m [2m[console.warn] [22mWebSocket 消息解析失败: SyntaxError: Unexpected token 'N', ..."nfidence":NaN,"bbox""... is not valid JSON
    at JSON.parse (<anonymous>)
    at ws.onmessage (http://localhost:5173/src/pages/PlateRecognition.tsx?t=1783478556364:274:22)
[2m10:46:20[22m [33m[1m[vite][22m[39m [33m[2m(client)[22m[39m [2m[console.warn] [22mWebSocket 消息解析失败: SyntaxError: Unexpected token 'N', ..."nfidence":NaN,"bbox""... is not valid JSON
    at JSON.parse (<anonymous>)
    at ws.onmessage (http://localhost:5173/src/pages/PlateRecognition.tsx?t=1783478556364:274:22)
[2m10:46:20[22m [33m[1m[vite][22m[39m [33m[2m(client)[22m[39m [2m[console.warn] [22mWebSocket 消息解析失败: SyntaxError: Unexpected token 'N', ..."nfidence":NaN,"bbox""... is not valid JSON
    at JSON.parse (<anonymous>)
    at ws.onmessage (http://localhost:5173/src/pages/PlateRecognition.tsx?t=1783478556364:274:22)
[2m10:46:20[22m [33m[1m[vite][22m[39m [33m[2m(client)[22m[39m [2m[console.warn] [22mWebSocket 消息解析失败: SyntaxError: Unexpected token 'N', ..."nfidence":NaN,"bbox""... is not valid JSON
    at JSON.parse (<anonymous>)
    at ws.onmessage (http://localhost:5173/src/pages/PlateRecognition.tsx?t=1783478556364:274:22)
[2m10:46:20[22m [33m[1m[vite][22m[39m [33m[2m(client)[22m[39m [2m[console.warn] [22mWebSocket 消息解析失败: SyntaxError: Unexpected token 'N', ..."nfidence":NaN,"bbox""... is not valid JSON
    at JSON.parse (<anonymous>)
    at ws.onmessage (http://localhost:5173/src/pages/PlateRecognition.tsx?t=1783478556364:274:22)
[2m10:46:20[22m [33m[1m[vite][22m[39m [33m[2m(client)[22m[39m [2m[console.warn] [22mWebSocket 消息解析失败: SyntaxError: Unexpected token 'N', ..."nfidence":NaN,"bbox""... is not valid JSON
    at JSON.parse (<anonymous>)
    at ws.onmessage (http://localhost:5173/src/pages/PlateRecognition.tsx?t=1783478556364:274:22)
[2m10:46:20[22m [33m[1m[vite][22m[39m [33m[2m(client)[22m[39m [2m[console.warn] [22mWebSocket 消息解析失败: SyntaxError: Unexpected token 'N', ..."nfidence":NaN,"bbox""... is not valid JSON
    at JSON.parse (<anonymous>)
    at ws.onmessage (http://localhost:5173/src/pages/PlateRecognition.tsx?t=1783478556364:274:22)
[2m10:46:20[22m [33m[1m[vite][22m[39m [33m[2m(client)[22m[39m [2m[console.warn] [22mWebSocket 消息解析失败: SyntaxError: Unexpected token 'N', ..."nfidence":NaN,"bbox""... is not valid JSON
    at JSON.parse (<anonymous>)
    at ws.onmessage (http://localhost:5173/src/pages/PlateRecognition.tsx?t=1783478556364:274:22)
[2m10:46:20[22m [33m[1m[vite][22m[39m [33m[2m(client)[22m[39m [2m[console.warn] [22mWebSocket 消息解析失败: SyntaxError: Unexpected token 'N', ..."nfidence":NaN,"bbox""... is not valid JSON
    at JSON.parse (<anonymous>)
    at ws.onmessage (http://localhost:5173/src/pages/PlateRecognition.tsx?t=1783478556364:274:22)
[2m10:46:20[22m [33m[1m[vite][22m[39m [33m[2m(client)[22m[39m [2m[console.warn] [22mWebSocket 消息解析失败: SyntaxError: Unexpected token 'N', ..."nfidence":NaN,"bbox""... is not valid JSON
    at JSON.parse (<anonymous>)
    at ws.onmessage (http://localhost:5173/src/pages/PlateRecognition.tsx?t=1783478556364:274:22)
[2m10:46:20[22m [33m[1m[vite][22m[39m [33m[2m(client)[22m[39m [2m[console.warn] [22mWebSocket 消息解析失败: SyntaxError: Unexpected token 'N', ..."nfidence":NaN,"bbox""... is not valid JSON
    at JSON.parse (<anonymous>)
    at ws.onmessage (http://localhost:5173/src/pages/PlateRecognition.tsx?t=1783478556364:274:22)
[2m10:48:55[22m [33m[1m[vite][22m[39m [33m[2m(client)[22m[39m [2m[console.warn] [22m[WebSocket] 连接失败，后端 WebSocket 可能未启动
[2m10:48:55[22m [33m[1m[vite][22m[39m [33m[2m(client)[22m[39m [2m[console.warn] [22m[WebSocket] 连接失败，后端 WebSocket 可能未启动
[2m10:49:03[22m [31m[1m[vite][22m[39m [31m[2m(client)[22m[39m [2m[console.error] [22mWarning: [antd: message] Static function can not consume context like dynamic theme. Please use 'App' component instead.
[2m10:49:07[22m [31m[1m[vite][22m[39m [31m[2m(client)[22m[39m [2m[console.error] [22mWarning: [antd: Space] `direction` is deprecated. Please use `orientation` instead.
[2m10:49:12[22m [33m[1m[vite][22m[39m [33m[2m(client)[22m[39m [2m[console.warn] [22m[WebSocket] 已达最大重连次数，停止重连
[2m10:49:33[22m [33m[1m[vite][22m[39m [33m[2m(client)[22m[39m [2m[console.warn] [22mWebSocket 消息解析失败: SyntaxError: Unexpected token 'N', ..."nfidence":NaN,"bbox""... is not valid JSON
    at JSON.parse (<anonymous>)
    at ws.onmessage (http://localhost:5173/src/pages/PlateRecognition.tsx?t=1783478556364:274:22)
[2m10:49:33[22m [33m[1m[vite][22m[39m [33m[2m(client)[22m[39m [2m[console.warn] [22mWebSocket 消息解析失败: SyntaxError: Unexpected token 'N', ..."nfidence":NaN,"bbox""... is not valid JSON
    at JSON.parse (<anonymous>)
    at ws.onmessage (http://localhost:5173/src/pages/PlateRecognition.tsx?t=1783478556364:274:22)
[2m10:49:33[22m [33m[1m[vite][22m[39m [33m[2m(client)[22m[39m [2m[console.warn] [22mWebSocket 消息解析失败: SyntaxError: Unexpected token 'N', ..."nfidence":NaN,"bbox""... is not valid JSON
    at JSON.parse (<anonymous>)
    at ws.onmessage (http://localhost:5173/src/pages/PlateRecognition.tsx?t=1783478556364:274:22)
[2m10:49:33[22m [33m[1m[vite][22m[39m [33m[2m(client)[22m[39m [2m[console.warn] [22mWebSocket 消息解析失败: SyntaxError: Unexpected token 'N', ..."nfidence":NaN,"bbox""... is not valid JSON
    at JSON.parse (<anonymous>)
    at ws.onmessage (http://localhost:5173/src/pages/PlateRecognition.tsx?t=1783478556364:274:22)
[2m10:49:33[22m [33m[1m[vite][22m[39m [33m[2m(client)[22m[39m [2m[console.warn] [22mWebSocket 消息解析失败: SyntaxError: Unexpected token 'N', ..."nfidence":NaN,"bbox""... is not valid JSON
    at JSON.parse (<anonymous>)
    at ws.onmessage (http://localhost:5173/src/pages/PlateRecognition.tsx?t=1783478556364:274:22)
[2m10:49:33[22m [33m[1m[vite][22m[39m [33m[2m(client)[22m[39m [2m[console.warn] [22mWebSocket 消息解析失败: SyntaxError: Unexpected token 'N', ..."nfidence":NaN,"bbox""... is not valid JSON
    at JSON.parse (<anonymous>)
    at ws.onmessage (http://localhost:5173/src/pages/PlateRecognition.tsx?t=1783478556364:274:22)
[2m10:52:36[22m [33m[1m[vite][22m[39m [33m[2m(client)[22m[39m [2m[console.warn] [22m[WebSocket] 连接失败，后端 WebSocket 可能未启动
[2m10:52:36[22m [33m[1m[vite][22m[39m [33m[2m(client)[22m[39m [2m[console.warn] [22m[WebSocket] 连接失败，后端 WebSocket 可能未启动
[2m10:52:42[22m [31m[1m[vite][22m[39m [31m[2m(client)[22m[39m [2m[console.error] [22mWarning: [antd: message] Static function can not consume context like dynamic theme. Please use 'App' component instead.
[2m10:52:45[22m [31m[1m[vite][22m[39m [31m[2m(client)[22m[39m [2m[console.error] [22mWarning: [antd: Space] `direction` is deprecated. Please use `orientation` instead.
[2m10:52:53[22m [33m[1m[vite][22m[39m [33m[2m(client)[22m[39m [2m[console.warn] [22m[WebSocket] 已达最大重连次数，停止重连
[2m10:53:38[22m [33m[1m[vite][22m[39m [33m[2m(client)[22m[39m [2m[console.warn] [22m[WebSocket] 连接失败，后端 WebSocket 可能未启动
[2m10:53:38[22m [33m[1m[vite][22m[39m [33m[2m(client)[22m[39m [2m[console.warn] [22m[WebSocket] 连接失败，后端 WebSocket 可能未启动
[2m10:53:57[22m [31m[1m[vite][22m[39m [31m[2m(client)[22m[39m [2m[console.error] [22mWarning: [antd: message] Static function can not consume context like dynamic theme. Please use 'App' component instead.
[2m10:54:02[22m [31m[1m[vite][22m[39m [31m[2m(client)[22m[39m [2m[console.error] [22mWarning: [antd: Space] `direction` is deprecated. Please use `orientation` instead.
[2m10:54:03[22m [33m[1m[vite][22m[39m [33m[2m(client)[22m[39m [2m[console.warn] [22m[WebSocket] 已达最大重连次数，停止重连
[2m10:57:09[22m [31m[1m[vite][22m[39m [31m[2m(client)[22m[39m [2m[console.error] [22mWarning: [antd: Alert] `message` is deprecated. Please use `title` instead.
[2m11:07:07[22m [36m[1m[vite][22m[39m [90m[2m(client)[22m[39m [32mhmr update [39m[2m/src/pages/PlateRecognition.tsx[22m
[2m11:07:11[22m [36m[1m[vite][22m[39m [90m[2m(client)[22m[39m [32mhmr update [39m[2m/src/pages/PlateRecognition.tsx[22m
[2m11:07:21[22m [36m[1m[vite][22m[39m [90m[2m(client)[22m[39m [32mhmr update [39m[2m/src/pages/PlateRecognition.tsx[22m
[2m11:07:30[22m [36m[1m[vite][22m[39m [90m[2m(client)[22m[39m [32mhmr update [39m[2m/src/pages/PlateRecognition.tsx[22m
[2m11:07:35[22m [33m[1m[vite][22m[39m [33m[2m(client)[22m[39m [2m[console.warn] [22m[WebSocket] 连接失败，后端 WebSocket 可能未启动
[2m11:07:35[22m [33m[1m[vite][22m[39m [33m[2m(client)[22m[39m [2m[console.warn] [22m[WebSocket] 连接失败，后端 WebSocket 可能未启动
[2m11:07:41[22m [31m[1m[vite][22m[39m [31m[2m(client)[22m[39m [2m[console.error] [22mWarning: [antd: message] Static function can not consume context like dynamic theme. Please use 'App' component instead.
[2m11:07:44[22m [31m[1m[vite][22m[39m [31m[2m(client)[22m[39m [2m[console.error] [22mWarning: [antd: Space] `direction` is deprecated. Please use `orientation` instead.
[2m11:07:52[22m [33m[1m[vite][22m[39m [33m[2m(client)[22m[39m [2m[console.warn] [22m[WebSocket] 已达最大重连次数，停止重连
[2m11:40:54[22m [36m[1m[vite][22m[39m [90m[2m(client)[22m[39m [32mhmr update [39m[2m/src/pages/PoliceGesture.tsx, /src/pages/PlateRecognition.tsx, /src/pages/DriverGesture.tsx[22m
[2m11:40:59[22m [36m[1m[vite][22m[39m [90m[2m(client)[22m[39m [32mhmr update [39m[2m/src/pages/PlateRecognition.tsx[22m
[2m11:41:07[22m [36m[1m[vite][22m[39m [90m[2m(client)[22m[39m [32mhmr update [39m[2m/src/pages/PlateRecognition.tsx[22m
[2m11:41:13[22m [36m[1m[vite][22m[39m [90m[2m(client)[22m[39m [32mhmr update [39m[2m/src/pages/PlateRecognition.tsx[22m
[2m11:41:20[22m [36m[1m[vite][22m[39m [90m[2m(client)[22m[39m [32mhmr update [39m[2m/src/pages/PlateRecognition.tsx[22m
[2m11:41:21[22m [31m[1m[vite][22m[39m [31m[2m(client)[22m[39m [31m[Unhandled error] [1mReferenceError[22m: Switch is not defined
[39m > PlateRecognition src/pages/PlateRecognition.tsx:1096:13
    1094 |          <div style={{ marginTop: 12, padding: '12px 16px', background: '#fafafa', borderRadius: 8, border: '1px solid...
    1095 |            <div style={{ display: 'flex', alignItems: 'center', gap: 12, marginBottom: streamPushEnabled ? 12 : 0 }}>
    1096 |              <Switch
         |               ^
    1097 |                checked={streamPushEnabled}
    1098 |                onChange={setStreamPushEnabled}
 > Object.react_stack_bottom_frame node_modules/react-dom/cjs/react-dom-client.development.js:25904:19
 > renderWithHooks node_modules/react-dom/cjs/react-dom-client.development.js:7662:21
 > updateFunctionComponent node_modules/react-dom/cjs/react-dom-client.development.js:10166:18
 > beginWork node_modules/react-dom/cjs/react-dom-client.development.js:11778:17
 > runWithFiberInDEV node_modules/react-dom/cjs/react-dom-client.development.js:871:29
 > performUnitOfWork node_modules/react-dom/cjs/react-dom-client.development.js:17641:21
 > workLoopSync node_modules/react-dom/cjs/react-dom-client.development.js:17469:40
 > renderRootSync node_modules/react-dom/cjs/react-dom-client.development.js:17450:10
 > performWorkOnRoot node_modules/react-dom/cjs/react-dom-client.development.js:16583:34

[2m11:41:21[22m [33m[1m[vite][22m[39m [33m[2m(client)[22m[39m [2m[console.warn] [22mAn error occurred in the <PlateRecognition> component.

Consider adding an error boundary to your tree to customize error handling behavior.
Visit https://react.dev/link/error-boundaries to learn more about error boundaries.

[2m11:41:24[22m [36m[1m[vite][22m[39m [90m[2m(client)[22m[39m [32mhmr update [39m[2m/src/pages/PlateRecognition.tsx[22m
[2m11:41:25[22m [33m[1m[vite][22m[39m [33m[2m(client)[22m[39m [2m[console.warn] [22m[WebSocket] 连接失败，后端 WebSocket 可能未启动
[2m11:41:25[22m [33m[1m[vite][22m[39m [33m[2m(client)[22m[39m [2m[console.warn] [22m[WebSocket] 连接失败，后端 WebSocket 可能未启动
[2m11:41:31[22m [36m[1m[vite][22m[39m [90m[2m(client)[22m[39m [32mhmr update [39m[2m/src/pages/PlateRecognition.tsx[22m
[2m11:41:43[22m [33m[1m[vite][22m[39m [33m[2m(client)[22m[39m [2m[console.warn] [22m[WebSocket] 已达最大重连次数，停止重连
[2m11:45:24[22m [33m[1m[vite][22m[39m [33m[2m(client)[22m[39m [2m[console.warn] [22m[WebSocket] 连接失败，后端 WebSocket 可能未启动
[2m11:45:24[22m [33m[1m[vite][22m[39m [33m[2m(client)[22m[39m [2m[console.warn] [22m[WebSocket] 连接失败，后端 WebSocket 可能未启动
[2m11:45:25[22m [31m[1m[vite][22m[39m [31m[2m(client)[22m[39m [2m[console.error] [22mWarning: [antd: Alert] `message` is deprecated. Please use `title` instead.
[2m11:45:40[22m [33m[1m[vite][22m[39m [33m[2m(client)[22m[39m [2m[console.warn] [22m[WebSocket] 已达最大重连次数，停止重连
[2m11:48:25[22m [33m[1m[vite][22m[39m [33m[2m(client)[22m[39m [2m[console.warn] [22m[WebSocket] 连接失败，后端 WebSocket 可能未启动
[2m11:48:25[22m [33m[1m[vite][22m[39m [33m[2m(client)[22m[39m [2m[console.warn] [22m[WebSocket] 连接失败，后端 WebSocket 可能未启动
[2m11:48:27[22m [31m[1m[vite][22m[39m [31m[2m(client)[22m[39m [2m[console.error] [22mWarning: [antd: Alert] `message` is deprecated. Please use `title` instead.
[2m11:48:43[22m [33m[1m[vite][22m[39m [33m[2m(client)[22m[39m [2m[console.warn] [22m[WebSocket] 已达最大重连次数，停止重连
[2m11:55:17[22m [31m[1m[vite][22m[39m [31m[2m(client)[22m[39m [2m[console.error] [22mWarning: [antd: message] Static function can not consume context like dynamic theme. Please use 'App' component instead.
[2m11:55:25[22m [31m[1m[vite][22m[39m [31m[2m(client)[22m[39m [2m[console.error] [22mpolice gesture upload failed: Error: 流式识别请求失败: 404
    at streamPoliceGestureVideo (http://localhost:5173/src/api/index.ts?t=1783482054094:67:9)
    at async http://localhost:5173/src/pages/PoliceGesture.tsx?t=1783482054094:116:4
[2m11:55:25[22m [33m[1m[vite][22m[39m [33m[2m(client)[22m[39m [2m[console.warn] [22mpreview transcode failed: Error: {"detail":"Not Found"}
    at createPoliceGesturePreview (http://localhost:5173/src/api/index.ts?t=1783482054094:104:9)
    at async http://localhost:5173/src/pages/PoliceGesture.tsx?t=1783482054094:182:24
[2m12:03:36[22m [33m[1m[vite][22m[39m [33m[2m(client)[22m[39m [2m[console.warn] [22m[WebSocket] 连接失败，后端 WebSocket 可能未启动
[2m12:03:37[22m [33m[1m[vite][22m[39m [33m[2m(client)[22m[39m [2m[console.warn] [22m[WebSocket] 连接失败，后端 WebSocket 可能未启动
[2m12:03:37[22m [31m[1m[vite][22m[39m [31m[2m(client)[22m[39m [2m[console.error] [22mWarning: [antd: Alert] `message` is deprecated. Please use `title` instead.
[2m12:03:54[22m [33m[1m[vite][22m[39m [33m[2m(client)[22m[39m [2m[console.warn] [22m[WebSocket] 已达最大重连次数，停止重连
[2m12:06:31[22m [31m[1m[vite][22m[39m [31m[2m(client)[22m[39m [2m[console.error] [22mWarning: [antd: message] Static function can not consume context like dynamic theme. Please use 'App' component instead.
[2m12:08:05[22m [31m[1m[vite][22m[39m [31m[2m(client)[22m[39m [2m[console.error] [22mWarning: [antd: Space] `direction` is deprecated. Please use `orientation` instead.
[2m14:01:22[22m [33m[1m[vite][22m[39m [33m[2m(client)[22m[39m [2m[console.warn] [22m[WebSocket] 连接失败，后端 WebSocket 可能未启动
[2m14:01:22[22m [33m[1m[vite][22m[39m [33m[2m(client)[22m[39m [2m[console.warn] [22m[WebSocket] 连接失败，后端 WebSocket 可能未启动
[2m14:01:23[22m [31m[1m[vite][22m[39m [31m[2m(client)[22m[39m [2m[console.error] [22mWarning: [antd: Alert] `message` is deprecated. Please use `title` instead.
[2m14:01:27[22m [33m[1m[vite][22m[39m [33m[2m(client)[22m[39m [2m[console.warn] [22m[WebSocket] 连接失败，后端 WebSocket 可能未启动
[2m14:01:28[22m [33m[1m[vite][22m[39m [33m[2m(client)[22m[39m [2m[console.warn] [22m[WebSocket] 连接失败，后端 WebSocket 可能未启动
[2m14:01:29[22m [31m[1m[vite][22m[39m [31m[2m(client)[22m[39m [2m[console.error] [22mWarning: [antd: Alert] `message` is deprecated. Please use `title` instead.
[2m14:01:36[22m [31m[1m[vite][22m[39m [31m[2m(client)[22m[39m [2m[console.error] [22mWarning: [antd: message] Static function can not consume context like dynamic theme. Please use 'App' component instead.
[2m14:01:44[22m [33m[1m[vite][22m[39m [33m[2m(client)[22m[39m [2m[console.warn] [22m[WebSocket] 已达最大重连次数，停止重连
[2m14:04:37[22m [33m[1m[vite][22m[39m [33m[2m(client)[22m[39m [2m[console.warn] [22m[WebSocket] 连接失败，后端 WebSocket 可能未启动
[2m14:04:38[22m [33m[1m[vite][22m[39m [33m[2m(client)[22m[39m [2m[console.warn] [22m[WebSocket] 连接失败，后端 WebSocket 可能未启动
[2m14:04:39[22m [31m[1m[vite][22m[39m [31m[2m(client)[22m[39m [2m[console.error] [22mWarning: [antd: Alert] `message` is deprecated. Please use `title` instead.
[2m14:04:42[22m [33m[1m[vite][22m[39m [33m[2m(client)[22m[39m [2m[console.warn] [22m[WebSocket] 连接失败，后端 WebSocket 可能未启动
[2m14:04:42[22m [33m[1m[vite][22m[39m [33m[2m(client)[22m[39m [2m[console.warn] [22m[WebSocket] 连接失败，后端 WebSocket 可能未启动
[2m14:04:49[22m [36m[1m[vite][22m[39m [90m[2m(client)[22m[39m [32mhmr update [39m[2m/src/App.tsx[22m
[2m14:04:54[22m [36m[1m[vite][22m[39m [90m[2m(client)[22m[39m [32mhmr update [39m[2m/src/App.tsx[22m
[2m14:04:55[22m [33m[1m[vite][22m[39m [33m[2m(client)[22m[39m [2m[console.warn] [22m[WebSocket] 已达最大重连次数，停止重连
[2m14:05:04[22m [36m[1m[vite][22m[39m [90m[2m(client)[22m[39m [32mhmr update [39m[2m/src/components/layout/AppLayout.tsx[22m
[2m14:05:13[22m [36m[1m[vite][22m[39m [90m[2m(client)[22m[39m [32mhmr update [39m[2m/src/components/layout/AppLayout.tsx[22m
[2m14:05:18[22m [36m[1m[vite][22m[39m [90m[2m(client)[22m[39m [32mhmr update [39m[2m/src/App.tsx[22m
[2m14:05:19[22m [33m[1m[vite][22m[39m [33m[2m(client)[22m[39m [2m[console.warn] [22m[WebSocket] 已达最大重连次数，停止重连
